[ 2015-06-01T15:27:45+08:00 ] 127.0.0.1 /index.php/
INFO: [ app_init ] --START--
INFO: Run Behavior\BuildLiteBehavior [ RunTime:0.000000s ]
INFO: [ app_init ] --END-- [ RunTime:0.002000s ]

[ 2015-06-01T15:27:49+08:00 ] 127.0.0.1 /index.php/Home/Index/login
INFO: [ app_init ] --START--
INFO: Run Behavior\BuildLiteBehavior [ RunTime:0.000000s ]
INFO: [ app_init ] --END-- [ RunTime:0.000000s ]

[ 2015-06-01T15:28:08+08:00 ] 127.0.0.1 /index.php/Home/Index/checklogin
INFO: [ app_init ] --START--
INFO: Run Behavior\BuildLiteBehavior [ RunTime:0.000000s ]
INFO: [ app_init ] --END-- [ RunTime:0.001000s ]

[ 2015-06-01T15:28:08+08:00 ] 127.0.0.1 /index.php/Home/Index/main.html
INFO: [ app_init ] --START--
INFO: Run Behavior\BuildLiteBehavior [ RunTime:0.000000s ]
INFO: [ app_init ] --END-- [ RunTime:0.000000s ]

[ 2015-06-01T15:28:12+08:00 ] 127.0.0.1 /index.php/Home/Index/houserentinfo
INFO: [ app_init ] --START--
INFO: Run Behavior\BuildLiteBehavior [ RunTime:0.000000s ]
INFO: [ app_init ] --END-- [ RunTime:0.000000s ]
ERR: SQLSTATE[42S22]: Column not found: 1054 Unknown column '进击的小丝' in 'where clause'

[ 2015-06-01T15:30:05+08:00 ] 127.0.0.1 /index.php/
INFO: [ app_init ] --START--
INFO: Run Behavior\BuildLiteBehavior [ RunTime:0.000000s ]
INFO: [ app_init ] --END-- [ RunTime:0.001000s ]

[ 2015-06-01T15:30:06+08:00 ] 127.0.0.1 /index.php/Home/Index/login
INFO: [ app_init ] --START--
INFO: Run Behavior\BuildLiteBehavior [ RunTime:0.000000s ]
INFO: [ app_init ] --END-- [ RunTime:0.001000s ]

[ 2015-06-01T15:30:10+08:00 ] 127.0.0.1 /index.php/Home/Index/checklogin
INFO: [ app_init ] --START--
INFO: Run Behavior\BuildLiteBehavior [ RunTime:0.000000s ]
INFO: [ app_init ] --END-- [ RunTime:0.000000s ]

[ 2015-06-01T15:30:10+08:00 ] 127.0.0.1 /index.php/Home/Index/main.html
INFO: [ app_init ] --START--
INFO: Run Behavior\BuildLiteBehavior [ RunTime:0.000000s ]
INFO: [ app_init ] --END-- [ RunTime:0.001000s ]

[ 2015-06-01T15:30:13+08:00 ] 127.0.0.1 /index.php/Home/Index/userinfo
INFO: [ app_init ] --START--
INFO: Run Behavior\BuildLiteBehavior [ RunTime:0.000000s ]
INFO: [ app_init ] --END-- [ RunTime:0.000000s ]

[ 2015-06-01T15:30:16+08:00 ] 127.0.0.1 /index.php/Home/Index/houserentinfo
INFO: [ app_init ] --START--
INFO: Run Behavior\BuildLiteBehavior [ RunTime:0.000000s ]
INFO: [ app_init ] --END-- [ RunTime:0.001000s ]

[ 2015-06-01T15:30:21+08:00 ] 127.0.0.1 /index.php/Home/Index/edithouserentinfo
INFO: [ app_init ] --START--
INFO: Run Behavior\BuildLiteBehavior [ RunTime:0.000000s ]
INFO: [ app_init ] --END-- [ RunTime:0.000000s ]

[ 2015-06-01T15:36:35+08:00 ] 127.0.0.1 /index.php/Home/Index/edithouserentinfo
INFO: [ app_init ] --START--
INFO: Run Behavior\BuildLiteBehavior [ RunTime:0.000000s ]
INFO: [ app_init ] --END-- [ RunTime:0.000000s ]

[ 2015-06-01T15:37:24+08:00 ] 127.0.0.1 /index.php/Home/Index/edithouserentinfo
INFO: [ app_init ] --START--
INFO: Run Behavior\BuildLiteBehavior [ RunTime:0.000000s ]
INFO: [ app_init ] --END-- [ RunTime:0.001000s ]

[ 2015-06-01T15:39:12+08:00 ] 127.0.0.1 /index.php/Home/Index/edithouserentinfo
INFO: [ app_init ] --START--
INFO: Run Behavior\BuildLiteBehavior [ RunTime:0.000000s ]
INFO: [ app_init ] --END-- [ RunTime:0.000000s ]

[ 2015-06-01T15:39:52+08:00 ] 127.0.0.1 /index.php/Home/Index/edithouserentinfo
INFO: [ app_init ] --START--
INFO: Run Behavior\BuildLiteBehavior [ RunTime:0.000000s ]
INFO: [ app_init ] --END-- [ RunTime:0.001000s ]

[ 2015-06-01T15:41:03+08:00 ] 127.0.0.1 /index.php/Home/Index/edithouserentinfo
INFO: [ app_init ] --START--
INFO: Run Behavior\BuildLiteBehavior [ RunTime:0.000000s ]
INFO: [ app_init ] --END-- [ RunTime:0.000000s ]

[ 2015-06-01T15:41:27+08:00 ] 127.0.0.1 /index.php/Home/Index/edithouserentinfo
INFO: [ app_init ] --START--
INFO: Run Behavior\BuildLiteBehavior [ RunTime:0.000000s ]
INFO: [ app_init ] --END-- [ RunTime:0.001000s ]

[ 2015-06-01T15:41:41+08:00 ] 127.0.0.1 /index.php/Home/Index/edithouserentinfo
INFO: [ app_init ] --START--
INFO: Run Behavior\BuildLiteBehavior [ RunTime:0.000000s ]
INFO: [ app_init ] --END-- [ RunTime:0.000000s ]

[ 2015-06-01T15:42:18+08:00 ] 127.0.0.1 /index.php/Home/Index/edithouserentinfo
INFO: [ app_init ] --START--
INFO: Run Behavior\BuildLiteBehavior [ RunTime:0.000000s ]
INFO: [ app_init ] --END-- [ RunTime:0.001000s ]

[ 2015-06-01T15:42:45+08:00 ] 127.0.0.1 /index.php/Home/Index/edithouserentinfo
INFO: [ app_init ] --START--
INFO: Run Behavior\BuildLiteBehavior [ RunTime:0.000000s ]
INFO: [ app_init ] --END-- [ RunTime:0.000000s ]

[ 2015-06-01T15:43:37+08:00 ] 127.0.0.1 /index.php/Home/Index/edithouserentinfo
INFO: [ app_init ] --START--
INFO: Run Behavior\BuildLiteBehavior [ RunTime:0.000000s ]
INFO: [ app_init ] --END-- [ RunTime:0.001000s ]

[ 2015-06-01T15:47:43+08:00 ] 127.0.0.1 /index.php/Home/Index/edithouserentinfo
INFO: [ app_init ] --START--
INFO: Run Behavior\BuildLiteBehavior [ RunTime:0.000000s ]
INFO: [ app_init ] --END-- [ RunTime:0.001000s ]

[ 2015-06-01T15:47:45+08:00 ] 127.0.0.1 /index.php/Home/Index/edithouserentinfo
INFO: [ app_init ] --START--
INFO: Run Behavior\BuildLiteBehavior [ RunTime:0.000000s ]
INFO: [ app_init ] --END-- [ RunTime:0.000000s ]

[ 2015-06-01T15:48:20+08:00 ] 127.0.0.1 /index.php/Home/Index/edithouserentinfo
INFO: [ app_init ] --START--
INFO: Run Behavior\BuildLiteBehavior [ RunTime:0.000000s ]
INFO: [ app_init ] --END-- [ RunTime:0.001000s ]

[ 2015-06-01T15:48:21+08:00 ] 127.0.0.1 /index.php/Home/Index/edithouserentinfo
INFO: [ app_init ] --START--
INFO: Run Behavior\BuildLiteBehavior [ RunTime:0.000000s ]
INFO: [ app_init ] --END-- [ RunTime:0.000000s ]

[ 2015-06-01T15:48:22+08:00 ] 127.0.0.1 /index.php/Home/Index/edithouserentinfo
INFO: [ app_init ] --START--
INFO: Run Behavior\BuildLiteBehavior [ RunTime:0.000000s ]
INFO: [ app_init ] --END-- [ RunTime:0.001000s ]

[ 2015-06-01T15:48:40+08:00 ] 127.0.0.1 /index.php/Home/Index/edithouserentinfo
INFO: [ app_init ] --START--
INFO: Run Behavior\BuildLiteBehavior [ RunTime:0.000000s ]
INFO: [ app_init ] --END-- [ RunTime:0.001000s ]

[ 2015-06-01T15:48:41+08:00 ] 127.0.0.1 /index.php/Home/Index/edithouserentinfo
INFO: [ app_init ] --START--
INFO: Run Behavior\BuildLiteBehavior [ RunTime:0.000000s ]
INFO: [ app_init ] --END-- [ RunTime:0.001000s ]

[ 2015-06-01T15:49:27+08:00 ] 127.0.0.1 /index.php/Home/Index/edithouserentinfo
INFO: [ app_init ] --START--
INFO: Run Behavior\BuildLiteBehavior [ RunTime:0.000000s ]
INFO: [ app_init ] --END-- [ RunTime:0.001001s ]

[ 2015-06-01T15:49:28+08:00 ] 127.0.0.1 /index.php/Home/Index/edithouserentinfo
INFO: [ app_init ] --START--
INFO: Run Behavior\BuildLiteBehavior [ RunTime:0.000000s ]
INFO: [ app_init ] --END-- [ RunTime:0.000000s ]

[ 2015-06-01T15:49:54+08:00 ] 127.0.0.1 /index.php/Home/Index/edithouserentinfo
INFO: [ app_init ] --START--
INFO: Run Behavior\BuildLiteBehavior [ RunTime:0.000000s ]
INFO: [ app_init ] --END-- [ RunTime:0.001001s ]

[ 2015-06-01T15:49:55+08:00 ] 127.0.0.1 /index.php/Home/Index/edithouserentinfo
INFO: [ app_init ] --START--
INFO: Run Behavior\BuildLiteBehavior [ RunTime:0.000000s ]
INFO: [ app_init ] --END-- [ RunTime:0.000000s ]

[ 2015-06-01T15:50:05+08:00 ] 127.0.0.1 /index.php/Home/Index/edithouserentinfo
INFO: [ app_init ] --START--
INFO: Run Behavior\BuildLiteBehavior [ RunTime:0.000000s ]
INFO: [ app_init ] --END-- [ RunTime:0.000000s ]

[ 2015-06-01T15:50:19+08:00 ] 127.0.0.1 /index.php/Home/Index/edithouserentinfo
INFO: [ app_init ] --START--
INFO: Run Behavior\BuildLiteBehavior [ RunTime:0.000000s ]
INFO: [ app_init ] --END-- [ RunTime:0.000000s ]

[ 2015-06-01T15:50:40+08:00 ] 127.0.0.1 /index.php/Home/Index/edithouserentinfo
INFO: [ app_init ] --START--
INFO: Run Behavior\BuildLiteBehavior [ RunTime:0.000000s ]
INFO: [ app_init ] --END-- [ RunTime:0.000000s ]

[ 2015-06-01T15:50:55+08:00 ] 127.0.0.1 /index.php/Home/Index/edithouserentinfo
INFO: [ app_init ] --START--
INFO: Run Behavior\BuildLiteBehavior [ RunTime:0.000000s ]
INFO: [ app_init ] --END-- [ RunTime:0.000000s ]

[ 2015-06-01T15:51:04+08:00 ] 127.0.0.1 /index.php/Home/Index/edithouserentinfo
INFO: [ app_init ] --START--
INFO: Run Behavior\BuildLiteBehavior [ RunTime:0.000000s ]
INFO: [ app_init ] --END-- [ RunTime:0.000000s ]

[ 2015-06-01T15:51:33+08:00 ] 127.0.0.1 /index.php/Home/Index/edithouserentinfo
INFO: [ app_init ] --START--
INFO: Run Behavior\BuildLiteBehavior [ RunTime:0.000000s ]
INFO: [ app_init ] --END-- [ RunTime:0.001000s ]

[ 2015-06-01T15:51:46+08:00 ] 127.0.0.1 /index.php/Home/Index/edithouserentinfo
INFO: [ app_init ] --START--
INFO: Run Behavior\BuildLiteBehavior [ RunTime:0.000000s ]
INFO: [ app_init ] --END-- [ RunTime:0.001000s ]

[ 2015-06-01T16:24:42+08:00 ] 127.0.0.1 /index.php/Home/Index/edithouserentinfo
INFO: [ app_init ] --START--
INFO: Run Behavior\BuildLiteBehavior [ RunTime:0.000000s ]
INFO: [ app_init ] --END-- [ RunTime:0.001001s ]

[ 2015-06-01T16:27:36+08:00 ] 127.0.0.1 /index.php/Home/Index/edithouserentinfo
INFO: [ app_init ] --START--
INFO: Run Behavior\BuildLiteBehavior [ RunTime:0.000000s ]
INFO: [ app_init ] --END-- [ RunTime:0.001000s ]

[ 2015-06-01T16:27:43+08:00 ] 127.0.0.1 /index.php/Home/Index/savehouserentinfo
INFO: [ app_init ] --START--
INFO: Run Behavior\BuildLiteBehavior [ RunTime:0.000000s ]
INFO: [ app_init ] --END-- [ RunTime:0.000000s ]
ERR: 非法操作:savehouserentinfo

[ 2015-06-01T16:45:25+08:00 ] 127.0.0.1 /index.php/Home/Index/edithouserentinfo
INFO: [ app_init ] --START--
INFO: Run Behavior\BuildLiteBehavior [ RunTime:0.000000s ]
INFO: [ app_init ] --END-- [ RunTime:0.000000s ]

[ 2015-06-01T16:55:42+08:00 ] 127.0.0.1 /index.php/Home/Index/edithouserentinfo
INFO: [ app_init ] --START--
INFO: Run Behavior\BuildLiteBehavior [ RunTime:0.000000s ]
INFO: [ app_init ] --END-- [ RunTime:0.001000s ]

[ 2015-06-01T17:01:38+08:00 ] 127.0.0.1 /index.php/Home/Index/edithouserentinfo
INFO: [ app_init ] --START--
INFO: Run Behavior\BuildLiteBehavior [ RunTime:0.000000s ]
INFO: [ app_init ] --END-- [ RunTime:0.001000s ]

[ 2015-06-01T17:03:32+08:00 ] 127.0.0.1 /index.php/
INFO: [ app_init ] --START--
INFO: Run Behavior\BuildLiteBehavior [ RunTime:0.000000s ]
INFO: [ app_init ] --END-- [ RunTime:0.000000s ]

[ 2015-06-01T17:03:35+08:00 ] 127.0.0.1 /index.php/Home/Index/login
INFO: [ app_init ] --START--
INFO: Run Behavior\BuildLiteBehavior [ RunTime:0.000000s ]
INFO: [ app_init ] --END-- [ RunTime:0.001000s ]

[ 2015-06-01T17:03:39+08:00 ] 127.0.0.1 /index.php/Home/Index/checklogin
INFO: [ app_init ] --START--
INFO: Run Behavior\BuildLiteBehavior [ RunTime:0.000000s ]
INFO: [ app_init ] --END-- [ RunTime:0.001000s ]

[ 2015-06-01T17:03:39+08:00 ] 127.0.0.1 /index.php/Home/Index/main.html
INFO: [ app_init ] --START--
INFO: Run Behavior\BuildLiteBehavior [ RunTime:0.000000s ]
INFO: [ app_init ] --END-- [ RunTime:0.001000s ]

[ 2015-06-01T17:03:42+08:00 ] 127.0.0.1 /index.php/Home/Index/userinfo
INFO: [ app_init ] --START--
INFO: Run Behavior\BuildLiteBehavior [ RunTime:0.000000s ]
INFO: [ app_init ] --END-- [ RunTime:0.000000s ]

[ 2015-06-01T17:03:46+08:00 ] 127.0.0.1 /index.php/Home/Index/edituserinfo
INFO: [ app_init ] --START--
INFO: Run Behavior\BuildLiteBehavior [ RunTime:0.000000s ]
INFO: [ app_init ] --END-- [ RunTime:0.001000s ]

[ 2015-06-01T17:03:49+08:00 ] 127.0.0.1 /index.php/Home/Index/main
INFO: [ app_init ] --START--
INFO: Run Behavior\BuildLiteBehavior [ RunTime:0.000000s ]
INFO: [ app_init ] --END-- [ RunTime:0.000000s ]

[ 2015-06-01T17:03:51+08:00 ] 127.0.0.1 /index.php/Home/Index/houserentinfo
INFO: [ app_init ] --START--
INFO: Run Behavior\BuildLiteBehavior [ RunTime:0.000000s ]
INFO: [ app_init ] --END-- [ RunTime:0.000000s ]

[ 2015-06-01T17:03:54+08:00 ] 127.0.0.1 /index.php/Home/Index/edithouserentinfo
INFO: [ app_init ] --START--
INFO: Run Behavior\BuildLiteBehavior [ RunTime:0.000000s ]
INFO: [ app_init ] --END-- [ RunTime:0.000000s ]

[ 2015-06-01T17:08:13+08:00 ] 127.0.0.1 /index.php/Home/Index/main
INFO: [ app_init ] --START--
INFO: Run Behavior\BuildLiteBehavior [ RunTime:0.000000s ]
INFO: [ app_init ] --END-- [ RunTime:0.001000s ]

[ 2015-06-01T17:08:15+08:00 ] 127.0.0.1 /index.php/Home/Index/houserentinfo
INFO: [ app_init ] --START--
INFO: Run Behavior\BuildLiteBehavior [ RunTime:0.000000s ]
INFO: [ app_init ] --END-- [ RunTime:0.001000s ]

[ 2015-06-01T17:08:18+08:00 ] 127.0.0.1 /index.php/Home/Index/edithouserentinfo
INFO: [ app_init ] --START--
INFO: Run Behavior\BuildLiteBehavior [ RunTime:0.000000s ]
INFO: [ app_init ] --END-- [ RunTime:0.000000s ]

[ 2015-06-01T17:10:00+08:00 ] 127.0.0.1 /index.php/Home/Index/savehouserentinfo
INFO: [ app_init ] --START--
INFO: Run Behavior\BuildLiteBehavior [ RunTime:0.000000s ]
INFO: [ app_init ] --END-- [ RunTime:0.001000s ]

[ 2015-06-01T17:10:00+08:00 ] 127.0.0.1 /index.php/Home/Index/houserentinfo.html
INFO: [ app_init ] --START--
INFO: Run Behavior\BuildLiteBehavior [ RunTime:0.000000s ]
INFO: [ app_init ] --END-- [ RunTime:0.000000s ]

[ 2015-06-01T17:13:28+08:00 ] 127.0.0.1 /index.php/Home/Index/houserentinfo.html
INFO: [ app_init ] --START--
INFO: Run Behavior\BuildLiteBehavior [ RunTime:0.000000s ]
INFO: [ app_init ] --END-- [ RunTime:0.001000s ]

[ 2015-06-01T17:13:29+08:00 ] 127.0.0.1 /index.php/Home/Index/houserentinfo.html
INFO: [ app_init ] --START--
INFO: Run Behavior\BuildLiteBehavior [ RunTime:0.000000s ]
INFO: [ app_init ] --END-- [ RunTime:0.000000s ]

[ 2015-06-01T17:13:31+08:00 ] 127.0.0.1 /index.php/Home/Index/main
INFO: [ app_init ] --START--
INFO: Run Behavior\BuildLiteBehavior [ RunTime:0.000000s ]
INFO: [ app_init ] --END-- [ RunTime:0.000000s ]

[ 2015-06-01T17:13:34+08:00 ] 127.0.0.1 /index.php/Home/Index/publish1
INFO: [ app_init ] --START--
INFO: Run Behavior\BuildLiteBehavior [ RunTime:0.000000s ]
INFO: [ app_init ] --END-- [ RunTime:0.000000s ]

[ 2015-06-01T17:13:35+08:00 ] 127.0.0.1 /index.php/Home/Index/main
INFO: [ app_init ] --START--
INFO: Run Behavior\BuildLiteBehavior [ RunTime:0.000000s ]
INFO: [ app_init ] --END-- [ RunTime:0.000000s ]

[ 2015-06-01T17:13:37+08:00 ] 127.0.0.1 /index.php/Home/Index/houserentinfo
INFO: [ app_init ] --START--
INFO: Run Behavior\BuildLiteBehavior [ RunTime:0.000000s ]
INFO: [ app_init ] --END-- [ RunTime:0.001000s ]

[ 2015-06-01T17:13:38+08:00 ] 127.0.0.1 /index.php/Home/Index/edithouserentinfo
INFO: [ app_init ] --START--
INFO: Run Behavior\BuildLiteBehavior [ RunTime:0.000000s ]
INFO: [ app_init ] --END-- [ RunTime:0.001000s ]

[ 2015-06-01T17:14:09+08:00 ] 127.0.0.1 /index.php/Home/Index/edithouserentinfo
INFO: [ app_init ] --START--
INFO: Run Behavior\BuildLiteBehavior [ RunTime:0.000000s ]
INFO: [ app_init ] --END-- [ RunTime:0.001000s ]

[ 2015-06-01T17:14:46+08:00 ] 127.0.0.1 /index.php/Home/Index/edithouserentinfo
INFO: [ app_init ] --START--
INFO: Run Behavior\BuildLiteBehavior [ RunTime:0.000000s ]
INFO: [ app_init ] --END-- [ RunTime:0.000000s ]

[ 2015-06-01T17:15:29+08:00 ] 127.0.0.1 /index.php/Home/Index/edithouserentinfo
INFO: [ app_init ] --START--
INFO: Run Behavior\BuildLiteBehavior [ RunTime:0.000000s ]
INFO: [ app_init ] --END-- [ RunTime:0.000000s ]

[ 2015-06-01T17:16:00+08:00 ] 127.0.0.1 /index.php/Home/Index/edithouserentinfo
INFO: [ app_init ] --START--
INFO: Run Behavior\BuildLiteBehavior [ RunTime:0.000000s ]
INFO: [ app_init ] --END-- [ RunTime:0.001000s ]

[ 2015-06-01T17:16:03+08:00 ] 127.0.0.1 /index.php/Home/Index/savehouserentinfo
INFO: [ app_init ] --START--
INFO: Run Behavior\BuildLiteBehavior [ RunTime:0.000000s ]
INFO: [ app_init ] --END-- [ RunTime:0.000000s ]

[ 2015-06-01T17:16:03+08:00 ] 127.0.0.1 /index.php/Home/Index/houserentinfo.html
INFO: [ app_init ] --START--
INFO: Run Behavior\BuildLiteBehavior [ RunTime:0.000000s ]
INFO: [ app_init ] --END-- [ RunTime:0.000000s ]

[ 2015-06-01T17:43:53+08:00 ] 127.0.0.1 /index.php/
INFO: [ app_init ] --START--
INFO: Run Behavior\BuildLiteBehavior [ RunTime:0.000000s ]
INFO: [ app_init ] --END-- [ RunTime:0.001000s ]

[ 2015-06-01T17:44:01+08:00 ] 127.0.0.1 /index.php/Home/Index/editrentinfobefore?id
INFO: [ app_init ] --START--
INFO: Run Behavior\BuildLiteBehavior [ RunTime:0.000000s ]
INFO: [ app_init ] --END-- [ RunTime:0.000000s ]
ERR: 模板不存在:./Application/Home/View/Index/editrentinfobefore.html

[ 2015-06-01T17:44:01+08:00 ] 127.0.0.1 /index.php/Home/Index/editrentinfobefore?id
INFO: [ app_init ] --START--
INFO: Run Behavior\BuildLiteBehavior [ RunTime:0.000000s ]
INFO: [ app_init ] --END-- [ RunTime:0.001000s ]
ERR: 模板不存在:./Application/Home/View/Index/editrentinfobefore.html

[ 2015-06-01T17:44:38+08:00 ] 127.0.0.1 /index.php
INFO: [ app_init ] --START--
INFO: Run Behavior\BuildLiteBehavior [ RunTime:0.000000s ]
INFO: [ app_init ] --END-- [ RunTime:0.000000s ]

[ 2015-06-01T17:44:41+08:00 ] 127.0.0.1 /index.php/Home/Index/editrentinfobefore?id
INFO: [ app_init ] --START--
INFO: Run Behavior\BuildLiteBehavior [ RunTime:0.000000s ]
INFO: [ app_init ] --END-- [ RunTime:0.001000s ]
ERR: 非法操作:editrentinfobefore

[ 2015-06-01T17:44:41+08:00 ] 127.0.0.1 /index.php/Home/Index/editrentinfobefore?id
INFO: [ app_init ] --START--
INFO: Run Behavior\BuildLiteBehavior [ RunTime:0.000000s ]
INFO: [ app_init ] --END-- [ RunTime:0.001000s ]
ERR: 非法操作:editrentinfobefore

[ 2015-06-01T17:45:37+08:00 ] 127.0.0.1 /index.php
INFO: [ app_init ] --START--
INFO: Run Behavior\BuildLiteBehavior [ RunTime:0.000000s ]
INFO: [ app_init ] --END-- [ RunTime:0.000000s ]

[ 2015-06-01T17:46:03+08:00 ] 127.0.0.1 /index.php
INFO: [ app_init ] --START--
INFO: Run Behavior\BuildLiteBehavior [ RunTime:0.000000s ]
INFO: [ app_init ] --END-- [ RunTime:0.000000s ]

[ 2015-06-01T17:46:05+08:00 ] 127.0.0.1 /index.php/Home/Index/rentinfobefore?id=
INFO: [ app_init ] --START--
INFO: Run Behavior\BuildLiteBehavior [ RunTime:0.000000s ]
INFO: [ app_init ] --END-- [ RunTime:0.000000s ]

[ 2015-06-01T17:46:05+08:00 ] 127.0.0.1 /index.php/Home/Index/rentinfobefore?id=
INFO: [ app_init ] --START--
INFO: Run Behavior\BuildLiteBehavior [ RunTime:0.000000s ]
INFO: [ app_init ] --END-- [ RunTime:0.000000s ]

[ 2015-06-01T17:46:05+08:00 ] 127.0.0.1 /index.php/Home/Index/img/phone.jpg
INFO: [ app_init ] --START--
INFO: Run Behavior\BuildLiteBehavior [ RunTime:0.000000s ]
INFO: [ app_init ] --END-- [ RunTime:0.001000s ]

[ 2015-06-01T17:50:29+08:00 ] 127.0.0.1 /index.php/Home/Index/login
INFO: [ app_init ] --START--
INFO: Run Behavior\BuildLiteBehavior [ RunTime:0.000000s ]
INFO: [ app_init ] --END-- [ RunTime:0.001000s ]

[ 2015-06-01T17:50:33+08:00 ] 127.0.0.1 /index.php/Home/Index/checklogin
INFO: [ app_init ] --START--
INFO: Run Behavior\BuildLiteBehavior [ RunTime:0.000000s ]
INFO: [ app_init ] --END-- [ RunTime:0.000000s ]

[ 2015-06-01T17:50:33+08:00 ] 127.0.0.1 /index.php/Home/Index/main.html
INFO: [ app_init ] --START--
INFO: Run Behavior\BuildLiteBehavior [ RunTime:0.000000s ]
INFO: [ app_init ] --END-- [ RunTime:0.001000s ]

[ 2015-06-01T17:50:35+08:00 ] 127.0.0.1 /index.php/Home/Index/houserentinfo
INFO: [ app_init ] --START--
INFO: Run Behavior\BuildLiteBehavior [ RunTime:0.000000s ]
INFO: [ app_init ] --END-- [ RunTime:0.001000s ]

[ 2015-06-01T17:50:36+08:00 ] 127.0.0.1 /index.php/Home/Index/edithouserentinfo
INFO: [ app_init ] --START--
INFO: Run Behavior\BuildLiteBehavior [ RunTime:0.000000s ]
INFO: [ app_init ] --END-- [ RunTime:0.001000s ]

[ 2015-06-01T17:55:17+08:00 ] 127.0.0.1 /index.php/Home/Index/main
INFO: [ app_init ] --START--
INFO: Run Behavior\BuildLiteBehavior [ RunTime:0.000000s ]
INFO: [ app_init ] --END-- [ RunTime:0.001000s ]

[ 2015-06-01T17:55:26+08:00 ] 127.0.0.1 /index.php/Home/Index/userinfo
INFO: [ app_init ] --START--
INFO: Run Behavior\BuildLiteBehavior [ RunTime:0.000000s ]
INFO: [ app_init ] --END-- [ RunTime:0.001000s ]

[ 2015-06-01T17:55:32+08:00 ] 127.0.0.1 /index.php/Home/Index/edituserinfo
INFO: [ app_init ] --START--
INFO: Run Behavior\BuildLiteBehavior [ RunTime:0.000000s ]
INFO: [ app_init ] --END-- [ RunTime:0.001000s ]

[ 2015-06-01T17:55:49+08:00 ] 127.0.0.1 /index.php/Home/Index/main
INFO: [ app_init ] --START--
INFO: Run Behavior\BuildLiteBehavior [ RunTime:0.000000s ]
INFO: [ app_init ] --END-- [ RunTime:0.000000s ]

[ 2015-06-01T18:01:05+08:00 ] 127.0.0.1 /index.php/Home/Index/houserentinfo
INFO: [ app_init ] --START--
INFO: Run Behavior\BuildLiteBehavior [ RunTime:0.000000s ]
INFO: [ app_init ] --END-- [ RunTime:0.001000s ]

[ 2015-06-01T18:01:06+08:00 ] 127.0.0.1 /index.php/Home/Index/edithouserentinfo
INFO: [ app_init ] --START--
INFO: Run Behavior\BuildLiteBehavior [ RunTime:0.000000s ]
INFO: [ app_init ] --END-- [ RunTime:0.000000s ]

[ 2015-06-01T18:01:10+08:00 ] 127.0.0.1 /index.php/Home/Index/main
INFO: [ app_init ] --START--
INFO: Run Behavior\BuildLiteBehavior [ RunTime:0.000000s ]
INFO: [ app_init ] --END-- [ RunTime:0.001000s ]

[ 2015-06-01T18:01:12+08:00 ] 127.0.0.1 /index.php/Home/Index/publish1
INFO: [ app_init ] --START--
INFO: Run Behavior\BuildLiteBehavior [ RunTime:0.000000s ]
INFO: [ app_init ] --END-- [ RunTime:0.000000s ]

[ 2015-06-01T18:01:13+08:00 ] 127.0.0.1 /index.php/Home/Index/publish2_1
INFO: [ app_init ] --START--
INFO: Run Behavior\BuildLiteBehavior [ RunTime:0.000000s ]
INFO: [ app_init ] --END-- [ RunTime:0.001000s ]

[ 2015-06-01T18:01:16+08:00 ] 127.0.0.1 /index.php/Home/Index/main
INFO: [ app_init ] --START--
INFO: Run Behavior\BuildLiteBehavior [ RunTime:0.000000s ]
INFO: [ app_init ] --END-- [ RunTime:0.001000s ]

[ 2015-06-01T18:39:15+08:00 ] 127.0.0.1 /index.php/Home/Index/main
INFO: [ app_init ] --START--
INFO: Run Behavior\BuildLiteBehavior [ RunTime:0.000000s ]
INFO: [ app_init ] --END-- [ RunTime:0.001001s ]

[ 2015-06-01T18:39:19+08:00 ] 127.0.0.1 /index.php/
INFO: [ app_init ] --START--
INFO: Run Behavior\BuildLiteBehavior [ RunTime:0.000000s ]
INFO: [ app_init ] --END-- [ RunTime:0.000000s ]

[ 2015-06-01T18:39:22+08:00 ] 127.0.0.1 /index.php/Home/Index/rentinfobefore
INFO: [ app_init ] --START--
INFO: Run Behavior\BuildLiteBehavior [ RunTime:0.000000s ]
INFO: [ app_init ] --END-- [ RunTime:0.000000s ]
INFO: [ app_begin ] --START--
INFO: Run Behavior\ReadHtmlCacheBehavior [ RunTime:0.001000s ]
INFO: [ app_begin ] --END-- [ RunTime:0.001000s ]
SQL: SHOW COLUMNS FROM `think_house` [ RunTime:0.0040s ]
SQL: SELECT * FROM `think_house` WHERE ( id='1' )  [ RunTime:0.0010s ]
INFO: [ view_parse ] --START--
INFO: [ template_filter ] --START--
INFO: Run Behavior\ContentReplaceBehavior [ RunTime:0.000000s ]
INFO: [ template_filter ] --END-- [ RunTime:0.000000s ]
NOTIC: [8] Undefined variable: area D:\WEB\littlepawn\Application\Runtime\Cache\Home\88736c694c3e26f4b6cf830fbbf5e9ff.php 第 86 行.
NOTIC: [8] Undefined variable: floor D:\WEB\littlepawn\Application\Runtime\Cache\Home\88736c694c3e26f4b6cf830fbbf5e9ff.php 第 91 行.
NOTIC: [8] Undefined variable: countfloor D:\WEB\littlepawn\Application\Runtime\Cache\Home\88736c694c3e26f4b6cf830fbbf5e9ff.php 第 92 行.
INFO: Run Behavior\ParseTemplateBehavior [ RunTime:0.008000s ]
INFO: [ view_parse ] --END-- [ RunTime:0.008000s ]
INFO: [ view_filter ] --START--
INFO: Run Behavior\WriteHtmlCacheBehavior [ RunTime:0.001001s ]
INFO: [ view_filter ] --END-- [ RunTime:0.001001s ]
INFO: [ app_end ] --START--
INFO: Run Behavior\ShowPageTraceBehavior [ RunTime:0.000000s ]
INFO: [ app_end ] --END-- [ RunTime:0.000000s ]

[ 2015-06-01T18:39:24+08:00 ] 127.0.0.1 /index.php/Home/Index/rentinfobefore
INFO: [ app_init ] --START--
INFO: Run Behavior\BuildLiteBehavior [ RunTime:0.000000s ]
INFO: [ app_init ] --END-- [ RunTime:0.001000s ]
INFO: [ app_begin ] --START--
INFO: Run Behavior\ReadHtmlCacheBehavior [ RunTime:0.000000s ]
INFO: [ app_begin ] --END-- [ RunTime:0.001000s ]
SQL: SHOW COLUMNS FROM `think_house` [ RunTime:0.0040s ]
SQL: SELECT * FROM `think_house` WHERE ( id='1' )  [ RunTime:0.0010s ]
INFO: [ view_parse ] --START--
INFO: [ template_filter ] --START--
INFO: Run Behavior\ContentReplaceBehavior [ RunTime:0.000000s ]
INFO: [ template_filter ] --END-- [ RunTime:0.000000s ]
NOTIC: [8] Undefined variable: area D:\WEB\littlepawn\Application\Runtime\Cache\Home\88736c694c3e26f4b6cf830fbbf5e9ff.php 第 86 行.
NOTIC: [8] Undefined variable: floor D:\WEB\littlepawn\Application\Runtime\Cache\Home\88736c694c3e26f4b6cf830fbbf5e9ff.php 第 91 行.
NOTIC: [8] Undefined variable: countfloor D:\WEB\littlepawn\Application\Runtime\Cache\Home\88736c694c3e26f4b6cf830fbbf5e9ff.php 第 92 行.
INFO: Run Behavior\ParseTemplateBehavior [ RunTime:0.007001s ]
INFO: [ view_parse ] --END-- [ RunTime:0.007001s ]
INFO: [ view_filter ] --START--
INFO: Run Behavior\WriteHtmlCacheBehavior [ RunTime:0.000000s ]
INFO: [ view_filter ] --END-- [ RunTime:0.000000s ]
INFO: [ app_end ] --START--
INFO: Run Behavior\ShowPageTraceBehavior [ RunTime:0.001000s ]
INFO: [ app_end ] --END-- [ RunTime:0.001000s ]

[ 2015-06-01T18:42:04+08:00 ] 127.0.0.1 /index.php/Home/Index/rentinfobefore
INFO: [ app_init ] --START--
INFO: Run Behavior\BuildLiteBehavior [ RunTime:0.000000s ]
INFO: [ app_init ] --END-- [ RunTime:0.001001s ]
INFO: [ app_begin ] --START--
INFO: Run Behavior\ReadHtmlCacheBehavior [ RunTime:0.001000s ]
INFO: [ app_begin ] --END-- [ RunTime:0.001000s ]
SQL: SHOW COLUMNS FROM `think_house` [ RunTime:0.0050s ]
SQL: SELECT * FROM `think_house` WHERE ( id='1' )  [ RunTime:0.0000s ]
INFO: [ view_parse ] --START--
INFO: [ template_filter ] --START--
INFO: Run Behavior\ContentReplaceBehavior [ RunTime:0.000000s ]
INFO: [ template_filter ] --END-- [ RunTime:0.000000s ]
NOTIC: [8] Undefined variable: area D:\WEB\littlepawn\Application\Runtime\Cache\Home\88736c694c3e26f4b6cf830fbbf5e9ff.php 第 86 行.
NOTIC: [8] Undefined variable: floor D:\WEB\littlepawn\Application\Runtime\Cache\Home\88736c694c3e26f4b6cf830fbbf5e9ff.php 第 91 行.
NOTIC: [8] Undefined variable: countfloor D:\WEB\littlepawn\Application\Runtime\Cache\Home\88736c694c3e26f4b6cf830fbbf5e9ff.php 第 92 行.
INFO: Run Behavior\ParseTemplateBehavior [ RunTime:0.007001s ]
INFO: [ view_parse ] --END-- [ RunTime:0.007001s ]
INFO: [ view_filter ] --START--
INFO: Run Behavior\WriteHtmlCacheBehavior [ RunTime:0.000000s ]
INFO: [ view_filter ] --END-- [ RunTime:0.000000s ]
INFO: [ app_end ] --START--
INFO: Run Behavior\ShowPageTraceBehavior [ RunTime:0.001000s ]
INFO: [ app_end ] --END-- [ RunTime:0.001000s ]

[ 2015-06-01T18:42:05+08:00 ] 127.0.0.1 /index.php/Home/Index/rentinfobefore
INFO: [ app_init ] --START--
INFO: Run Behavior\BuildLiteBehavior [ RunTime:0.000000s ]
INFO: [ app_init ] --END-- [ RunTime:0.001000s ]
INFO: [ app_begin ] --START--
INFO: Run Behavior\ReadHtmlCacheBehavior [ RunTime:0.001000s ]
INFO: [ app_begin ] --END-- [ RunTime:0.001000s ]
SQL: SHOW COLUMNS FROM `think_house` [ RunTime:0.0050s ]
SQL: SELECT * FROM `think_house` WHERE ( id='1' )  [ RunTime:0.0000s ]
INFO: [ view_parse ] --START--
INFO: [ template_filter ] --START--
INFO: Run Behavior\ContentReplaceBehavior [ RunTime:0.000000s ]
INFO: [ template_filter ] --END-- [ RunTime:0.000000s ]
NOTIC: [8] Undefined variable: area D:\WEB\littlepawn\Application\Runtime\Cache\Home\88736c694c3e26f4b6cf830fbbf5e9ff.php 第 86 行.
NOTIC: [8] Undefined variable: floor D:\WEB\littlepawn\Application\Runtime\Cache\Home\88736c694c3e26f4b6cf830fbbf5e9ff.php 第 91 行.
NOTIC: [8] Undefined variable: countfloor D:\WEB\littlepawn\Application\Runtime\Cache\Home\88736c694c3e26f4b6cf830fbbf5e9ff.php 第 92 行.
INFO: Run Behavior\ParseTemplateBehavior [ RunTime:0.006000s ]
INFO: [ view_parse ] --END-- [ RunTime:0.006000s ]
INFO: [ view_filter ] --START--
INFO: Run Behavior\WriteHtmlCacheBehavior [ RunTime:0.001000s ]
INFO: [ view_filter ] --END-- [ RunTime:0.001000s ]
INFO: [ app_end ] --START--
INFO: Run Behavior\ShowPageTraceBehavior [ RunTime:0.000000s ]
INFO: [ app_end ] --END-- [ RunTime:0.000000s ]

[ 2015-06-01T18:42:05+08:00 ] 127.0.0.1 /index.php/Home/Index/rentinfobefore
INFO: [ app_init ] --START--
INFO: Run Behavior\BuildLiteBehavior [ RunTime:0.000000s ]
INFO: [ app_init ] --END-- [ RunTime:0.000000s ]
INFO: [ app_begin ] --START--
INFO: Run Behavior\ReadHtmlCacheBehavior [ RunTime:0.001000s ]
INFO: [ app_begin ] --END-- [ RunTime:0.001000s ]
SQL: SHOW COLUMNS FROM `think_house` [ RunTime:0.0050s ]
SQL: SELECT * FROM `think_house` WHERE ( id='1' )  [ RunTime:0.0000s ]
INFO: [ view_parse ] --START--
INFO: [ template_filter ] --START--
INFO: Run Behavior\ContentReplaceBehavior [ RunTime:0.000000s ]
INFO: [ template_filter ] --END-- [ RunTime:0.000000s ]
NOTIC: [8] Undefined variable: area D:\WEB\littlepawn\Application\Runtime\Cache\Home\88736c694c3e26f4b6cf830fbbf5e9ff.php 第 86 行.
NOTIC: [8] Undefined variable: floor D:\WEB\littlepawn\Application\Runtime\Cache\Home\88736c694c3e26f4b6cf830fbbf5e9ff.php 第 91 行.
NOTIC: [8] Undefined variable: countfloor D:\WEB\littlepawn\Application\Runtime\Cache\Home\88736c694c3e26f4b6cf830fbbf5e9ff.php 第 92 行.
INFO: Run Behavior\ParseTemplateBehavior [ RunTime:0.006001s ]
INFO: [ view_parse ] --END-- [ RunTime:0.007001s ]
INFO: [ view_filter ] --START--
INFO: Run Behavior\WriteHtmlCacheBehavior [ RunTime:0.001000s ]
INFO: [ view_filter ] --END-- [ RunTime:0.001000s ]
INFO: [ app_end ] --START--
INFO: Run Behavior\ShowPageTraceBehavior [ RunTime:0.000000s ]
INFO: [ app_end ] --END-- [ RunTime:0.000000s ]

[ 2015-06-01T18:42:06+08:00 ] 127.0.0.1 /index.php/Home/Index/rentinfobefore
INFO: [ app_init ] --START--
INFO: Run Behavior\BuildLiteBehavior [ RunTime:0.000000s ]
INFO: [ app_init ] --END-- [ RunTime:0.000000s ]
INFO: [ app_begin ] --START--
INFO: Run Behavior\ReadHtmlCacheBehavior [ RunTime:0.001000s ]
INFO: [ app_begin ] --END-- [ RunTime:0.001000s ]
SQL: SHOW COLUMNS FROM `think_house` [ RunTime:0.0050s ]
SQL: SELECT * FROM `think_house` WHERE ( id='1' )  [ RunTime:0.0010s ]
INFO: [ view_parse ] --START--
INFO: [ template_filter ] --START--
INFO: Run Behavior\ContentReplaceBehavior [ RunTime:0.000000s ]
INFO: [ template_filter ] --END-- [ RunTime:0.000000s ]
NOTIC: [8] Undefined variable: area D:\WEB\littlepawn\Application\Runtime\Cache\Home\88736c694c3e26f4b6cf830fbbf5e9ff.php 第 86 行.
NOTIC: [8] Undefined variable: floor D:\WEB\littlepawn\Application\Runtime\Cache\Home\88736c694c3e26f4b6cf830fbbf5e9ff.php 第 91 行.
NOTIC: [8] Undefined variable: countfloor D:\WEB\littlepawn\Application\Runtime\Cache\Home\88736c694c3e26f4b6cf830fbbf5e9ff.php 第 92 行.
INFO: Run Behavior\ParseTemplateBehavior [ RunTime:0.007000s ]
INFO: [ view_parse ] --END-- [ RunTime:0.007000s ]
INFO: [ view_filter ] --START--
INFO: Run Behavior\WriteHtmlCacheBehavior [ RunTime:0.000000s ]
INFO: [ view_filter ] --END-- [ RunTime:0.000000s ]
INFO: [ app_end ] --START--
INFO: Run Behavior\ShowPageTraceBehavior [ RunTime:0.000000s ]
INFO: [ app_end ] --END-- [ RunTime:0.001000s ]

[ 2015-06-01T18:42:18+08:00 ] 127.0.0.1 /index.php/Home/Index/rentinfobefore
INFO: [ app_init ] --START--
INFO: Run Behavior\BuildLiteBehavior [ RunTime:0.000000s ]
INFO: [ app_init ] --END-- [ RunTime:0.001000s ]
INFO: [ app_begin ] --START--
INFO: Run Behavior\ReadHtmlCacheBehavior [ RunTime:0.001000s ]
INFO: [ app_begin ] --END-- [ RunTime:0.001000s ]
SQL: SHOW COLUMNS FROM `think_house` [ RunTime:0.0040s ]
SQL: SELECT * FROM `think_house` WHERE ( id='1' )  [ RunTime:0.0000s ]
INFO: [ view_parse ] --START--
INFO: [ template_filter ] --START--
INFO: Run Behavior\ContentReplaceBehavior [ RunTime:0.000000s ]
INFO: [ template_filter ] --END-- [ RunTime:0.000000s ]
NOTIC: [8] Undefined variable: area D:\WEB\littlepawn\Application\Runtime\Cache\Home\88736c694c3e26f4b6cf830fbbf5e9ff.php 第 86 行.
NOTIC: [8] Undefined variable: floor D:\WEB\littlepawn\Application\Runtime\Cache\Home\88736c694c3e26f4b6cf830fbbf5e9ff.php 第 91 行.
NOTIC: [8] Undefined variable: countfloor D:\WEB\littlepawn\Application\Runtime\Cache\Home\88736c694c3e26f4b6cf830fbbf5e9ff.php 第 92 行.
INFO: Run Behavior\ParseTemplateBehavior [ RunTime:0.007000s ]
INFO: [ view_parse ] --END-- [ RunTime:0.007000s ]
INFO: [ view_filter ] --START--
INFO: Run Behavior\WriteHtmlCacheBehavior [ RunTime:0.000000s ]
INFO: [ view_filter ] --END-- [ RunTime:0.000000s ]
INFO: [ app_end ] --START--
INFO: Run Behavior\ShowPageTraceBehavior [ RunTime:0.001000s ]
INFO: [ app_end ] --END-- [ RunTime:0.001000s ]

[ 2015-06-01T18:43:12+08:00 ] 127.0.0.1 /index.php/
INFO: [ app_init ] --START--
INFO: Run Behavior\BuildLiteBehavior [ RunTime:0.000000s ]
INFO: [ app_init ] --END-- [ RunTime:0.000000s ]

[ 2015-06-01T18:43:19+08:00 ] 127.0.0.1 /index.php/Home/Index/rentinfobefore
INFO: [ app_init ] --START--
INFO: Run Behavior\BuildLiteBehavior [ RunTime:0.000000s ]
INFO: [ app_init ] --END-- [ RunTime:0.001000s ]
INFO: [ app_begin ] --START--
INFO: Run Behavior\ReadHtmlCacheBehavior [ RunTime:0.001000s ]
INFO: [ app_begin ] --END-- [ RunTime:0.001000s ]
INFO: [ app_end ] --START--
INFO: Run Behavior\ShowPageTraceBehavior [ RunTime:0.001000s ]
INFO: [ app_end ] --END-- [ RunTime:0.001000s ]

[ 2015-06-01T18:47:12+08:00 ] 127.0.0.1 /index.php/
INFO: [ app_init ] --START--
INFO: Run Behavior\BuildLiteBehavior [ RunTime:0.000000s ]
INFO: [ app_init ] --END-- [ RunTime:0.001000s ]

[ 2015-06-01T18:47:16+08:00 ] 127.0.0.1 /index.php/Home/Index/rentinfobefore
INFO: [ app_init ] --START--
INFO: Run Behavior\BuildLiteBehavior [ RunTime:0.000000s ]
INFO: [ app_init ] --END-- [ RunTime:0.001000s ]
INFO: [ app_begin ] --START--
INFO: Run Behavior\ReadHtmlCacheBehavior [ RunTime:0.000000s ]
INFO: [ app_begin ] --END-- [ RunTime:0.001001s ]
INFO: [ view_parse ] --START--
INFO: [ template_filter ] --START--
INFO: Run Behavior\ContentReplaceBehavior [ RunTime:0.000000s ]
INFO: [ template_filter ] --END-- [ RunTime:0.000000s ]
NOTIC: [8] Undefined variable: title D:\WEB\littlepawn\Application\Runtime\Cache\Home\88736c694c3e26f4b6cf830fbbf5e9ff.php 第 71 行.
NOTIC: [8] Undefined variable: rent D:\WEB\littlepawn\Application\Runtime\Cache\Home\88736c694c3e26f4b6cf830fbbf5e9ff.php 第 80 行.
NOTIC: [8] Undefined variable: bedroom D:\WEB\littlepawn\Application\Runtime\Cache\Home\88736c694c3e26f4b6cf830fbbf5e9ff.php 第 85 行.
NOTIC: [8] Undefined variable: livingroom D:\WEB\littlepawn\Application\Runtime\Cache\Home\88736c694c3e26f4b6cf830fbbf5e9ff.php 第 85 行.
NOTIC: [8] Undefined variable: toilet D:\WEB\littlepawn\Application\Runtime\Cache\Home\88736c694c3e26f4b6cf830fbbf5e9ff.php 第 85 行.
NOTIC: [8] Undefined variable: area D:\WEB\littlepawn\Application\Runtime\Cache\Home\88736c694c3e26f4b6cf830fbbf5e9ff.php 第 86 行.
NOTIC: [8] Undefined variable: floor D:\WEB\littlepawn\Application\Runtime\Cache\Home\88736c694c3e26f4b6cf830fbbf5e9ff.php 第 91 行.
NOTIC: [8] Undefined variable: countfloor D:\WEB\littlepawn\Application\Runtime\Cache\Home\88736c694c3e26f4b6cf830fbbf5e9ff.php 第 92 行.
NOTIC: [8] Undefined variable: name D:\WEB\littlepawn\Application\Runtime\Cache\Home\88736c694c3e26f4b6cf830fbbf5e9ff.php 第 116 行.
NOTIC: [8] Undefined variable: phone D:\WEB\littlepawn\Application\Runtime\Cache\Home\88736c694c3e26f4b6cf830fbbf5e9ff.php 第 121 行.
INFO: Run Behavior\ParseTemplateBehavior [ RunTime:0.007000s ]
INFO: [ view_parse ] --END-- [ RunTime:0.007000s ]
INFO: [ view_filter ] --START--
INFO: Run Behavior\WriteHtmlCacheBehavior [ RunTime:0.000000s ]
INFO: [ view_filter ] --END-- [ RunTime:0.001000s ]
INFO: [ app_end ] --START--
INFO: Run Behavior\ShowPageTraceBehavior [ RunTime:0.000000s ]
INFO: [ app_end ] --END-- [ RunTime:0.000000s ]

[ 2015-06-01T18:50:07+08:00 ] 127.0.0.1 /index.php/
INFO: [ app_init ] --START--
INFO: Run Behavior\BuildLiteBehavior [ RunTime:0.000000s ]
INFO: [ app_init ] --END-- [ RunTime:0.000000s ]

[ 2015-06-01T18:50:09+08:00 ] 127.0.0.1 /index.php/
INFO: [ app_init ] --START--
INFO: Run Behavior\BuildLiteBehavior [ RunTime:0.000000s ]
INFO: [ app_init ] --END-- [ RunTime:0.000000s ]

[ 2015-06-01T18:50:11+08:00 ] 127.0.0.1 /index.php/
INFO: [ app_init ] --START--
INFO: Run Behavior\BuildLiteBehavior [ RunTime:0.000000s ]
INFO: [ app_init ] --END-- [ RunTime:0.000000s ]

[ 2015-06-01T18:50:16+08:00 ] 127.0.0.1 /index.php/Home/Index/rentinfobefore
INFO: [ app_init ] --START--
INFO: Run Behavior\BuildLiteBehavior [ RunTime:0.000000s ]
INFO: [ app_init ] --END-- [ RunTime:0.000000s ]
INFO: [ app_begin ] --START--
INFO: Run Behavior\ReadHtmlCacheBehavior [ RunTime:0.001000s ]
INFO: [ app_begin ] --END-- [ RunTime:0.001000s ]
INFO: [ view_parse ] --START--
INFO: [ template_filter ] --START--
INFO: Run Behavior\ContentReplaceBehavior [ RunTime:0.001000s ]
INFO: [ template_filter ] --END-- [ RunTime:0.001000s ]
NOTIC: [8] Undefined variable: title D:\WEB\littlepawn\Application\Runtime\Cache\Home\88736c694c3e26f4b6cf830fbbf5e9ff.php 第 71 行.
NOTIC: [8] Undefined variable: rent D:\WEB\littlepawn\Application\Runtime\Cache\Home\88736c694c3e26f4b6cf830fbbf5e9ff.php 第 80 行.
NOTIC: [8] Undefined variable: bedroom D:\WEB\littlepawn\Application\Runtime\Cache\Home\88736c694c3e26f4b6cf830fbbf5e9ff.php 第 85 行.
NOTIC: [8] Undefined variable: livingroom D:\WEB\littlepawn\Application\Runtime\Cache\Home\88736c694c3e26f4b6cf830fbbf5e9ff.php 第 85 行.
NOTIC: [8] Undefined variable: toilet D:\WEB\littlepawn\Application\Runtime\Cache\Home\88736c694c3e26f4b6cf830fbbf5e9ff.php 第 85 行.
NOTIC: [8] Undefined variable: area D:\WEB\littlepawn\Application\Runtime\Cache\Home\88736c694c3e26f4b6cf830fbbf5e9ff.php 第 86 行.
NOTIC: [8] Undefined variable: floor D:\WEB\littlepawn\Application\Runtime\Cache\Home\88736c694c3e26f4b6cf830fbbf5e9ff.php 第 91 行.
NOTIC: [8] Undefined variable: countfloor D:\WEB\littlepawn\Application\Runtime\Cache\Home\88736c694c3e26f4b6cf830fbbf5e9ff.php 第 92 行.
NOTIC: [8] Undefined variable: name D:\WEB\littlepawn\Application\Runtime\Cache\Home\88736c694c3e26f4b6cf830fbbf5e9ff.php 第 116 行.
NOTIC: [8] Undefined variable: phone D:\WEB\littlepawn\Application\Runtime\Cache\Home\88736c694c3e26f4b6cf830fbbf5e9ff.php 第 121 行.
INFO: Run Behavior\ParseTemplateBehavior [ RunTime:0.007001s ]
INFO: [ view_parse ] --END-- [ RunTime:0.007001s ]
INFO: [ view_filter ] --START--
INFO: Run Behavior\WriteHtmlCacheBehavior [ RunTime:0.000000s ]
INFO: [ view_filter ] --END-- [ RunTime:0.000000s ]
INFO: [ app_end ] --START--
INFO: Run Behavior\ShowPageTraceBehavior [ RunTime:0.001000s ]
INFO: [ app_end ] --END-- [ RunTime:0.001000s ]

[ 2015-06-01T18:50:43+08:00 ] 127.0.0.1 /index.php/Home/Index/rentinfobefore
INFO: [ app_init ] --START--
INFO: Run Behavior\BuildLiteBehavior [ RunTime:0.000000s ]
INFO: [ app_init ] --END-- [ RunTime:0.001000s ]

[ 2015-06-01T18:51:27+08:00 ] 127.0.0.1 /index.php/Home/Index/rentinfobefore
INFO: [ app_init ] --START--
INFO: Run Behavior\BuildLiteBehavior [ RunTime:0.000000s ]
INFO: [ app_init ] --END-- [ RunTime:0.001000s ]

[ 2015-06-01T18:51:51+08:00 ] 127.0.0.1 /index.php/
INFO: [ app_init ] --START--
INFO: Run Behavior\BuildLiteBehavior [ RunTime:0.000000s ]
INFO: [ app_init ] --END-- [ RunTime:0.000000s ]

[ 2015-06-01T18:52:18+08:00 ] 127.0.0.1 /index.php/
INFO: [ app_init ] --START--
INFO: Run Behavior\BuildLiteBehavior [ RunTime:0.000000s ]
INFO: [ app_init ] --END-- [ RunTime:0.000000s ]

[ 2015-06-01T18:52:20+08:00 ] 127.0.0.1 /index.php/Home/Index/rentinfobefore
INFO: [ app_init ] --START--
INFO: Run Behavior\BuildLiteBehavior [ RunTime:0.000000s ]
INFO: [ app_init ] --END-- [ RunTime:0.001000s ]
INFO: [ app_begin ] --START--
INFO: Run Behavior\ReadHtmlCacheBehavior [ RunTime:0.001000s ]
INFO: [ app_begin ] --END-- [ RunTime:0.001000s ]
INFO: [ view_parse ] --START--
INFO: [ template_filter ] --START--
INFO: Run Behavior\ContentReplaceBehavior [ RunTime:0.000000s ]
INFO: [ template_filter ] --END-- [ RunTime:0.000000s ]
NOTIC: [8] Undefined variable: title D:\WEB\littlepawn\Application\Runtime\Cache\Home\88736c694c3e26f4b6cf830fbbf5e9ff.php 第 71 行.
NOTIC: [8] Undefined variable: rent D:\WEB\littlepawn\Application\Runtime\Cache\Home\88736c694c3e26f4b6cf830fbbf5e9ff.php 第 80 行.
NOTIC: [8] Undefined variable: bedroom D:\WEB\littlepawn\Application\Runtime\Cache\Home\88736c694c3e26f4b6cf830fbbf5e9ff.php 第 85 行.
NOTIC: [8] Undefined variable: livingroom D:\WEB\littlepawn\Application\Runtime\Cache\Home\88736c694c3e26f4b6cf830fbbf5e9ff.php 第 85 行.
NOTIC: [8] Undefined variable: toilet D:\WEB\littlepawn\Application\Runtime\Cache\Home\88736c694c3e26f4b6cf830fbbf5e9ff.php 第 85 行.
NOTIC: [8] Undefined variable: area D:\WEB\littlepawn\Application\Runtime\Cache\Home\88736c694c3e26f4b6cf830fbbf5e9ff.php 第 86 行.
NOTIC: [8] Undefined variable: floor D:\WEB\littlepawn\Application\Runtime\Cache\Home\88736c694c3e26f4b6cf830fbbf5e9ff.php 第 91 行.
NOTIC: [8] Undefined variable: countfloor D:\WEB\littlepawn\Application\Runtime\Cache\Home\88736c694c3e26f4b6cf830fbbf5e9ff.php 第 92 行.
NOTIC: [8] Undefined variable: name D:\WEB\littlepawn\Application\Runtime\Cache\Home\88736c694c3e26f4b6cf830fbbf5e9ff.php 第 116 行.
NOTIC: [8] Undefined variable: phone D:\WEB\littlepawn\Application\Runtime\Cache\Home\88736c694c3e26f4b6cf830fbbf5e9ff.php 第 121 行.
INFO: Run Behavior\ParseTemplateBehavior [ RunTime:0.007001s ]
INFO: [ view_parse ] --END-- [ RunTime:0.007001s ]
INFO: [ view_filter ] --START--
INFO: Run Behavior\WriteHtmlCacheBehavior [ RunTime:0.001000s ]
INFO: [ view_filter ] --END-- [ RunTime:0.001000s ]
INFO: [ app_end ] --START--
INFO: Run Behavior\ShowPageTraceBehavior [ RunTime:0.000000s ]
INFO: [ app_end ] --END-- [ RunTime:0.000000s ]

[ 2015-06-01T18:53:28+08:00 ] 127.0.0.1 /index.php/
INFO: [ app_init ] --START--
INFO: Run Behavior\BuildLiteBehavior [ RunTime:0.000000s ]
INFO: [ app_init ] --END-- [ RunTime:0.000000s ]

[ 2015-06-01T18:53:30+08:00 ] 127.0.0.1 /index.php/Home/Index/rentinfobefore
INFO: [ app_init ] --START--
INFO: Run Behavior\BuildLiteBehavior [ RunTime:0.000000s ]
INFO: [ app_init ] --END-- [ RunTime:0.001000s ]
INFO: [ app_begin ] --START--
INFO: Run Behavior\ReadHtmlCacheBehavior [ RunTime:0.000000s ]
INFO: [ app_begin ] --END-- [ RunTime:0.000000s ]
INFO: [ view_parse ] --START--
INFO: [ template_filter ] --START--
INFO: Run Behavior\ContentReplaceBehavior [ RunTime:0.000000s ]
INFO: [ template_filter ] --END-- [ RunTime:0.000000s ]
NOTIC: [8] Undefined variable: title D:\WEB\littlepawn\Application\Runtime\Cache\Home\88736c694c3e26f4b6cf830fbbf5e9ff.php 第 71 行.
NOTIC: [8] Undefined variable: rent D:\WEB\littlepawn\Application\Runtime\Cache\Home\88736c694c3e26f4b6cf830fbbf5e9ff.php 第 80 行.
NOTIC: [8] Undefined variable: bedroom D:\WEB\littlepawn\Application\Runtime\Cache\Home\88736c694c3e26f4b6cf830fbbf5e9ff.php 第 85 行.
NOTIC: [8] Undefined variable: livingroom D:\WEB\littlepawn\Application\Runtime\Cache\Home\88736c694c3e26f4b6cf830fbbf5e9ff.php 第 85 行.
NOTIC: [8] Undefined variable: toilet D:\WEB\littlepawn\Application\Runtime\Cache\Home\88736c694c3e26f4b6cf830fbbf5e9ff.php 第 85 行.
NOTIC: [8] Undefined variable: area D:\WEB\littlepawn\Application\Runtime\Cache\Home\88736c694c3e26f4b6cf830fbbf5e9ff.php 第 86 行.
NOTIC: [8] Undefined variable: floor D:\WEB\littlepawn\Application\Runtime\Cache\Home\88736c694c3e26f4b6cf830fbbf5e9ff.php 第 91 行.
NOTIC: [8] Undefined variable: countfloor D:\WEB\littlepawn\Application\Runtime\Cache\Home\88736c694c3e26f4b6cf830fbbf5e9ff.php 第 92 行.
NOTIC: [8] Undefined variable: name D:\WEB\littlepawn\Application\Runtime\Cache\Home\88736c694c3e26f4b6cf830fbbf5e9ff.php 第 116 行.
NOTIC: [8] Undefined variable: phone D:\WEB\littlepawn\Application\Runtime\Cache\Home\88736c694c3e26f4b6cf830fbbf5e9ff.php 第 121 行.
INFO: Run Behavior\ParseTemplateBehavior [ RunTime:0.008000s ]
INFO: [ view_parse ] --END-- [ RunTime:0.008000s ]
INFO: [ view_filter ] --START--
INFO: Run Behavior\WriteHtmlCacheBehavior [ RunTime:0.000000s ]
INFO: [ view_filter ] --END-- [ RunTime:0.000000s ]
INFO: [ app_end ] --START--
INFO: Run Behavior\ShowPageTraceBehavior [ RunTime:0.001001s ]
INFO: [ app_end ] --END-- [ RunTime:0.001001s ]

[ 2015-06-01T18:53:40+08:00 ] 127.0.0.1 /index.php/Home/Index/rentinfobefore
INFO: [ app_init ] --START--
INFO: Run Behavior\BuildLiteBehavior [ RunTime:0.000000s ]
INFO: [ app_init ] --END-- [ RunTime:0.000000s ]
INFO: [ app_begin ] --START--
INFO: Run Behavior\ReadHtmlCacheBehavior [ RunTime:0.001000s ]
INFO: [ app_begin ] --END-- [ RunTime:0.001000s ]
INFO: [ view_parse ] --START--
INFO: [ template_filter ] --START--
INFO: Run Behavior\ContentReplaceBehavior [ RunTime:0.000000s ]
INFO: [ template_filter ] --END-- [ RunTime:0.000000s ]
NOTIC: [8] Undefined variable: title D:\WEB\littlepawn\Application\Runtime\Cache\Home\88736c694c3e26f4b6cf830fbbf5e9ff.php 第 71 行.
NOTIC: [8] Undefined variable: rent D:\WEB\littlepawn\Application\Runtime\Cache\Home\88736c694c3e26f4b6cf830fbbf5e9ff.php 第 80 行.
NOTIC: [8] Undefined variable: bedroom D:\WEB\littlepawn\Application\Runtime\Cache\Home\88736c694c3e26f4b6cf830fbbf5e9ff.php 第 85 行.
NOTIC: [8] Undefined variable: livingroom D:\WEB\littlepawn\Application\Runtime\Cache\Home\88736c694c3e26f4b6cf830fbbf5e9ff.php 第 85 行.
NOTIC: [8] Undefined variable: toilet D:\WEB\littlepawn\Application\Runtime\Cache\Home\88736c694c3e26f4b6cf830fbbf5e9ff.php 第 85 行.
NOTIC: [8] Undefined variable: area D:\WEB\littlepawn\Application\Runtime\Cache\Home\88736c694c3e26f4b6cf830fbbf5e9ff.php 第 86 行.
NOTIC: [8] Undefined variable: floor D:\WEB\littlepawn\Application\Runtime\Cache\Home\88736c694c3e26f4b6cf830fbbf5e9ff.php 第 91 行.
NOTIC: [8] Undefined variable: countfloor D:\WEB\littlepawn\Application\Runtime\Cache\Home\88736c694c3e26f4b6cf830fbbf5e9ff.php 第 92 行.
NOTIC: [8] Undefined variable: name D:\WEB\littlepawn\Application\Runtime\Cache\Home\88736c694c3e26f4b6cf830fbbf5e9ff.php 第 116 行.
NOTIC: [8] Undefined variable: phone D:\WEB\littlepawn\Application\Runtime\Cache\Home\88736c694c3e26f4b6cf830fbbf5e9ff.php 第 121 行.
INFO: Run Behavior\ParseTemplateBehavior [ RunTime:0.007001s ]
INFO: [ view_parse ] --END-- [ RunTime:0.007001s ]
INFO: [ view_filter ] --START--
INFO: Run Behavior\WriteHtmlCacheBehavior [ RunTime:0.000000s ]
INFO: [ view_filter ] --END-- [ RunTime:0.000000s ]
INFO: [ app_end ] --START--
INFO: Run Behavior\ShowPageTraceBehavior [ RunTime:0.001000s ]
INFO: [ app_end ] --END-- [ RunTime:0.001000s ]

[ 2015-06-01T18:53:51+08:00 ] 127.0.0.1 /index.php/
INFO: [ app_init ] --START--
INFO: Run Behavior\BuildLiteBehavior [ RunTime:0.000000s ]
INFO: [ app_init ] --END-- [ RunTime:0.000000s ]

[ 2015-06-01T18:54:08+08:00 ] 127.0.0.1 /index.php/Home/Index/rentinfobefore
INFO: [ app_init ] --START--
INFO: Run Behavior\BuildLiteBehavior [ RunTime:0.000000s ]
INFO: [ app_init ] --END-- [ RunTime:0.001000s ]
INFO: [ app_begin ] --START--
INFO: Run Behavior\ReadHtmlCacheBehavior [ RunTime:0.002000s ]
INFO: [ app_begin ] --END-- [ RunTime:0.002000s ]
INFO: [ view_parse ] --START--
INFO: [ template_filter ] --START--
INFO: Run Behavior\ContentReplaceBehavior [ RunTime:0.000000s ]
INFO: [ template_filter ] --END-- [ RunTime:0.000000s ]
NOTIC: [8] Undefined variable: title D:\WEB\littlepawn\Application\Runtime\Cache\Home\88736c694c3e26f4b6cf830fbbf5e9ff.php 第 71 行.
NOTIC: [8] Undefined variable: rent D:\WEB\littlepawn\Application\Runtime\Cache\Home\88736c694c3e26f4b6cf830fbbf5e9ff.php 第 80 行.
NOTIC: [8] Undefined variable: bedroom D:\WEB\littlepawn\Application\Runtime\Cache\Home\88736c694c3e26f4b6cf830fbbf5e9ff.php 第 85 行.
NOTIC: [8] Undefined variable: livingroom D:\WEB\littlepawn\Application\Runtime\Cache\Home\88736c694c3e26f4b6cf830fbbf5e9ff.php 第 85 行.
NOTIC: [8] Undefined variable: toilet D:\WEB\littlepawn\Application\Runtime\Cache\Home\88736c694c3e26f4b6cf830fbbf5e9ff.php 第 85 行.
NOTIC: [8] Undefined variable: area D:\WEB\littlepawn\Application\Runtime\Cache\Home\88736c694c3e26f4b6cf830fbbf5e9ff.php 第 86 行.
NOTIC: [8] Undefined variable: floor D:\WEB\littlepawn\Application\Runtime\Cache\Home\88736c694c3e26f4b6cf830fbbf5e9ff.php 第 91 行.
NOTIC: [8] Undefined variable: countfloor D:\WEB\littlepawn\Application\Runtime\Cache\Home\88736c694c3e26f4b6cf830fbbf5e9ff.php 第 92 行.
NOTIC: [8] Undefined variable: name D:\WEB\littlepawn\Application\Runtime\Cache\Home\88736c694c3e26f4b6cf830fbbf5e9ff.php 第 116 行.
NOTIC: [8] Undefined variable: phone D:\WEB\littlepawn\Application\Runtime\Cache\Home\88736c694c3e26f4b6cf830fbbf5e9ff.php 第 121 行.
INFO: Run Behavior\ParseTemplateBehavior [ RunTime:0.006000s ]
INFO: [ view_parse ] --END-- [ RunTime:0.006000s ]
INFO: [ view_filter ] --START--
INFO: Run Behavior\WriteHtmlCacheBehavior [ RunTime:0.000000s ]
INFO: [ view_filter ] --END-- [ RunTime:0.001000s ]
INFO: [ app_end ] --START--
INFO: Run Behavior\ShowPageTraceBehavior [ RunTime:0.000000s ]
INFO: [ app_end ] --END-- [ RunTime:0.000000s ]

[ 2015-06-01T18:56:43+08:00 ] 127.0.0.1 /index.php/
INFO: [ app_init ] --START--
INFO: Run Behavior\BuildLiteBehavior [ RunTime:0.000000s ]
INFO: [ app_init ] --END-- [ RunTime:0.002000s ]

[ 2015-06-01T18:56:44+08:00 ] 127.0.0.1 /index.php/Home/Index/rentinfobefore
INFO: [ app_init ] --START--
INFO: Run Behavior\BuildLiteBehavior [ RunTime:0.000000s ]
INFO: [ app_init ] --END-- [ RunTime:0.001000s ]
INFO: [ app_begin ] --START--
INFO: Run Behavior\ReadHtmlCacheBehavior [ RunTime:0.001001s ]
INFO: [ app_begin ] --END-- [ RunTime:0.001001s ]
INFO: [ view_parse ] --START--
INFO: [ template_filter ] --START--
INFO: Run Behavior\ContentReplaceBehavior [ RunTime:0.000000s ]
INFO: [ template_filter ] --END-- [ RunTime:0.000000s ]
NOTIC: [8] Undefined variable: title D:\WEB\littlepawn\Application\Runtime\Cache\Home\88736c694c3e26f4b6cf830fbbf5e9ff.php 第 71 行.
NOTIC: [8] Undefined variable: rent D:\WEB\littlepawn\Application\Runtime\Cache\Home\88736c694c3e26f4b6cf830fbbf5e9ff.php 第 80 行.
NOTIC: [8] Undefined variable: bedroom D:\WEB\littlepawn\Application\Runtime\Cache\Home\88736c694c3e26f4b6cf830fbbf5e9ff.php 第 85 行.
NOTIC: [8] Undefined variable: livingroom D:\WEB\littlepawn\Application\Runtime\Cache\Home\88736c694c3e26f4b6cf830fbbf5e9ff.php 第 85 行.
NOTIC: [8] Undefined variable: toilet D:\WEB\littlepawn\Application\Runtime\Cache\Home\88736c694c3e26f4b6cf830fbbf5e9ff.php 第 85 行.
NOTIC: [8] Undefined variable: area D:\WEB\littlepawn\Application\Runtime\Cache\Home\88736c694c3e26f4b6cf830fbbf5e9ff.php 第 86 行.
NOTIC: [8] Undefined variable: floor D:\WEB\littlepawn\Application\Runtime\Cache\Home\88736c694c3e26f4b6cf830fbbf5e9ff.php 第 91 行.
NOTIC: [8] Undefined variable: countfloor D:\WEB\littlepawn\Application\Runtime\Cache\Home\88736c694c3e26f4b6cf830fbbf5e9ff.php 第 92 行.
NOTIC: [8] Undefined variable: name D:\WEB\littlepawn\Application\Runtime\Cache\Home\88736c694c3e26f4b6cf830fbbf5e9ff.php 第 116 行.
NOTIC: [8] Undefined variable: phone D:\WEB\littlepawn\Application\Runtime\Cache\Home\88736c694c3e26f4b6cf830fbbf5e9ff.php 第 121 行.
INFO: Run Behavior\ParseTemplateBehavior [ RunTime:0.007000s ]
INFO: [ view_parse ] --END-- [ RunTime:0.007000s ]
INFO: [ view_filter ] --START--
INFO: Run Behavior\WriteHtmlCacheBehavior [ RunTime:0.000000s ]
INFO: [ view_filter ] --END-- [ RunTime:0.000000s ]
INFO: [ view_parse ] --START--
INFO: [ template_filter ] --START--
INFO: Run Behavior\ContentReplaceBehavior [ RunTime:0.000000s ]
INFO: [ template_filter ] --END-- [ RunTime:-0.003000s ]
NOTIC: [8] Undefined variable: title D:\WEB\littlepawn\Application\Runtime\Cache\Home\88736c694c3e26f4b6cf830fbbf5e9ff.php 第 71 行.
NOTIC: [8] Undefined variable: rent D:\WEB\littlepawn\Application\Runtime\Cache\Home\88736c694c3e26f4b6cf830fbbf5e9ff.php 第 80 行.
NOTIC: [8] Undefined variable: bedroom D:\WEB\littlepawn\Application\Runtime\Cache\Home\88736c694c3e26f4b6cf830fbbf5e9ff.php 第 85 行.
NOTIC: [8] Undefined variable: livingroom D:\WEB\littlepawn\Application\Runtime\Cache\Home\88736c694c3e26f4b6cf830fbbf5e9ff.php 第 85 行.
NOTIC: [8] Undefined variable: toilet D:\WEB\littlepawn\Application\Runtime\Cache\Home\88736c694c3e26f4b6cf830fbbf5e9ff.php 第 85 行.
NOTIC: [8] Undefined variable: area D:\WEB\littlepawn\Application\Runtime\Cache\Home\88736c694c3e26f4b6cf830fbbf5e9ff.php 第 86 行.
NOTIC: [8] Undefined variable: floor D:\WEB\littlepawn\Application\Runtime\Cache\Home\88736c694c3e26f4b6cf830fbbf5e9ff.php 第 91 行.
NOTIC: [8] Undefined variable: countfloor D:\WEB\littlepawn\Application\Runtime\Cache\Home\88736c694c3e26f4b6cf830fbbf5e9ff.php 第 92 行.
NOTIC: [8] Undefined variable: name D:\WEB\littlepawn\Application\Runtime\Cache\Home\88736c694c3e26f4b6cf830fbbf5e9ff.php 第 116 行.
NOTIC: [8] Undefined variable: phone D:\WEB\littlepawn\Application\Runtime\Cache\Home\88736c694c3e26f4b6cf830fbbf5e9ff.php 第 121 行.
INFO: Run Behavior\ParseTemplateBehavior [ RunTime:0.004000s ]
INFO: [ view_parse ] --END-- [ RunTime:0.000000s ]
INFO: [ view_filter ] --START--
INFO: Run Behavior\WriteHtmlCacheBehavior [ RunTime:0.000000s ]
INFO: [ view_filter ] --END-- [ RunTime:-0.004000s ]
NOTIC: [2] Cannot modify header information - headers already sent by (output started at D:\WEB\littlepawn\ThinkPHP\Library\Think\View.class.php:95) D:\WEB\littlepawn\ThinkPHP\Library\Think\View.class.php 第 91 行.
NOTIC: [2] Cannot modify header information - headers already sent by (output started at D:\WEB\littlepawn\ThinkPHP\Library\Think\View.class.php:95) D:\WEB\littlepawn\ThinkPHP\Library\Think\View.class.php 第 92 行.
NOTIC: [2] Cannot modify header information - headers already sent by (output started at D:\WEB\littlepawn\ThinkPHP\Library\Think\View.class.php:95) D:\WEB\littlepawn\ThinkPHP\Library\Think\View.class.php 第 93 行.
INFO: [ app_end ] --START--
INFO: Run Behavior\ShowPageTraceBehavior [ RunTime:0.001000s ]
INFO: [ app_end ] --END-- [ RunTime:0.001000s ]

[ 2015-06-01T18:56:52+08:00 ] 127.0.0.1 /index.php/
INFO: [ app_init ] --START--
INFO: Run Behavior\BuildLiteBehavior [ RunTime:0.000000s ]
INFO: [ app_init ] --END-- [ RunTime:0.001000s ]

[ 2015-06-01T18:56:54+08:00 ] 127.0.0.1 /index.php/Home/Index/rentinfobefore
INFO: [ app_init ] --START--
INFO: Run Behavior\BuildLiteBehavior [ RunTime:0.000000s ]
INFO: [ app_init ] --END-- [ RunTime:0.001000s ]
INFO: [ app_begin ] --START--
INFO: Run Behavior\ReadHtmlCacheBehavior [ RunTime:0.000000s ]
INFO: [ app_begin ] --END-- [ RunTime:0.000000s ]
INFO: [ view_parse ] --START--
INFO: [ template_filter ] --START--
INFO: Run Behavior\ContentReplaceBehavior [ RunTime:0.000000s ]
INFO: [ template_filter ] --END-- [ RunTime:0.000000s ]
NOTIC: [8] Undefined variable: title D:\WEB\littlepawn\Application\Runtime\Cache\Home\88736c694c3e26f4b6cf830fbbf5e9ff.php 第 71 行.
NOTIC: [8] Undefined variable: rent D:\WEB\littlepawn\Application\Runtime\Cache\Home\88736c694c3e26f4b6cf830fbbf5e9ff.php 第 80 行.
NOTIC: [8] Undefined variable: bedroom D:\WEB\littlepawn\Application\Runtime\Cache\Home\88736c694c3e26f4b6cf830fbbf5e9ff.php 第 85 行.
NOTIC: [8] Undefined variable: livingroom D:\WEB\littlepawn\Application\Runtime\Cache\Home\88736c694c3e26f4b6cf830fbbf5e9ff.php 第 85 行.
NOTIC: [8] Undefined variable: toilet D:\WEB\littlepawn\Application\Runtime\Cache\Home\88736c694c3e26f4b6cf830fbbf5e9ff.php 第 85 行.
NOTIC: [8] Undefined variable: area D:\WEB\littlepawn\Application\Runtime\Cache\Home\88736c694c3e26f4b6cf830fbbf5e9ff.php 第 86 行.
NOTIC: [8] Undefined variable: floor D:\WEB\littlepawn\Application\Runtime\Cache\Home\88736c694c3e26f4b6cf830fbbf5e9ff.php 第 91 行.
NOTIC: [8] Undefined variable: countfloor D:\WEB\littlepawn\Application\Runtime\Cache\Home\88736c694c3e26f4b6cf830fbbf5e9ff.php 第 92 行.
NOTIC: [8] Undefined variable: name D:\WEB\littlepawn\Application\Runtime\Cache\Home\88736c694c3e26f4b6cf830fbbf5e9ff.php 第 116 行.
NOTIC: [8] Undefined variable: phone D:\WEB\littlepawn\Application\Runtime\Cache\Home\88736c694c3e26f4b6cf830fbbf5e9ff.php 第 121 行.
INFO: Run Behavior\ParseTemplateBehavior [ RunTime:0.007001s ]
INFO: [ view_parse ] --END-- [ RunTime:0.007001s ]
INFO: [ view_filter ] --START--
INFO: Run Behavior\WriteHtmlCacheBehavior [ RunTime:0.000000s ]
INFO: [ view_filter ] --END-- [ RunTime:0.000000s ]
INFO: [ view_parse ] --START--
INFO: [ template_filter ] --START--
INFO: Run Behavior\ContentReplaceBehavior [ RunTime:0.000000s ]
INFO: [ template_filter ] --END-- [ RunTime:-0.003000s ]
NOTIC: [8] Undefined variable: title D:\WEB\littlepawn\Application\Runtime\Cache\Home\88736c694c3e26f4b6cf830fbbf5e9ff.php 第 71 行.
NOTIC: [8] Undefined variable: rent D:\WEB\littlepawn\Application\Runtime\Cache\Home\88736c694c3e26f4b6cf830fbbf5e9ff.php 第 80 行.
NOTIC: [8] Undefined variable: bedroom D:\WEB\littlepawn\Application\Runtime\Cache\Home\88736c694c3e26f4b6cf830fbbf5e9ff.php 第 85 行.
NOTIC: [8] Undefined variable: livingroom D:\WEB\littlepawn\Application\Runtime\Cache\Home\88736c694c3e26f4b6cf830fbbf5e9ff.php 第 85 行.
NOTIC: [8] Undefined variable: toilet D:\WEB\littlepawn\Application\Runtime\Cache\Home\88736c694c3e26f4b6cf830fbbf5e9ff.php 第 85 行.
NOTIC: [8] Undefined variable: area D:\WEB\littlepawn\Application\Runtime\Cache\Home\88736c694c3e26f4b6cf830fbbf5e9ff.php 第 86 行.
NOTIC: [8] Undefined variable: floor D:\WEB\littlepawn\Application\Runtime\Cache\Home\88736c694c3e26f4b6cf830fbbf5e9ff.php 第 91 行.
NOTIC: [8] Undefined variable: countfloor D:\WEB\littlepawn\Application\Runtime\Cache\Home\88736c694c3e26f4b6cf830fbbf5e9ff.php 第 92 行.
NOTIC: [8] Undefined variable: name D:\WEB\littlepawn\Application\Runtime\Cache\Home\88736c694c3e26f4b6cf830fbbf5e9ff.php 第 116 行.
NOTIC: [8] Undefined variable: phone D:\WEB\littlepawn\Application\Runtime\Cache\Home\88736c694c3e26f4b6cf830fbbf5e9ff.php 第 121 行.
INFO: Run Behavior\ParseTemplateBehavior [ RunTime:0.003000s ]
INFO: [ view_parse ] --END-- [ RunTime:0.000000s ]
INFO: [ view_filter ] --START--
INFO: Run Behavior\WriteHtmlCacheBehavior [ RunTime:0.000000s ]
INFO: [ view_filter ] --END-- [ RunTime:-0.003000s ]
NOTIC: [2] Cannot modify header information - headers already sent by (output started at D:\WEB\littlepawn\ThinkPHP\Library\Think\View.class.php:95) D:\WEB\littlepawn\ThinkPHP\Library\Think\View.class.php 第 91 行.
NOTIC: [2] Cannot modify header information - headers already sent by (output started at D:\WEB\littlepawn\ThinkPHP\Library\Think\View.class.php:95) D:\WEB\littlepawn\ThinkPHP\Library\Think\View.class.php 第 92 行.
NOTIC: [2] Cannot modify header information - headers already sent by (output started at D:\WEB\littlepawn\ThinkPHP\Library\Think\View.class.php:95) D:\WEB\littlepawn\ThinkPHP\Library\Think\View.class.php 第 93 行.
INFO: [ app_end ] --START--
INFO: Run Behavior\ShowPageTraceBehavior [ RunTime:0.000000s ]
INFO: [ app_end ] --END-- [ RunTime:0.000000s ]

[ 2015-06-01T19:05:10+08:00 ] 127.0.0.1 /index.php/
INFO: [ app_init ] --START--
INFO: Run Behavior\BuildLiteBehavior [ RunTime:0.000000s ]
INFO: [ app_init ] --END-- [ RunTime:0.000000s ]

[ 2015-06-01T19:05:12+08:00 ] 127.0.0.1 /index.php/Home/Index/rentinfobefore
INFO: [ app_init ] --START--
INFO: Run Behavior\BuildLiteBehavior [ RunTime:0.000000s ]
INFO: [ app_init ] --END-- [ RunTime:0.000000s ]
INFO: [ app_begin ] --START--
INFO: Run Behavior\ReadHtmlCacheBehavior [ RunTime:0.000000s ]
INFO: [ app_begin ] --END-- [ RunTime:0.000000s ]
INFO: [ view_parse ] --START--
INFO: [ template_filter ] --START--
INFO: Run Behavior\ContentReplaceBehavior [ RunTime:0.001000s ]
INFO: [ template_filter ] --END-- [ RunTime:0.001000s ]
NOTIC: [8] Undefined variable: title D:\WEB\littlepawn\Application\Runtime\Cache\Home\88736c694c3e26f4b6cf830fbbf5e9ff.php 第 71 行.
NOTIC: [8] Undefined variable: rent D:\WEB\littlepawn\Application\Runtime\Cache\Home\88736c694c3e26f4b6cf830fbbf5e9ff.php 第 80 行.
NOTIC: [8] Undefined variable: bedroom D:\WEB\littlepawn\Application\Runtime\Cache\Home\88736c694c3e26f4b6cf830fbbf5e9ff.php 第 85 行.
NOTIC: [8] Undefined variable: livingroom D:\WEB\littlepawn\Application\Runtime\Cache\Home\88736c694c3e26f4b6cf830fbbf5e9ff.php 第 85 行.
NOTIC: [8] Undefined variable: toilet D:\WEB\littlepawn\Application\Runtime\Cache\Home\88736c694c3e26f4b6cf830fbbf5e9ff.php 第 85 行.
NOTIC: [8] Undefined variable: area D:\WEB\littlepawn\Application\Runtime\Cache\Home\88736c694c3e26f4b6cf830fbbf5e9ff.php 第 86 行.
NOTIC: [8] Undefined variable: floor D:\WEB\littlepawn\Application\Runtime\Cache\Home\88736c694c3e26f4b6cf830fbbf5e9ff.php 第 91 行.
NOTIC: [8] Undefined variable: countfloor D:\WEB\littlepawn\Application\Runtime\Cache\Home\88736c694c3e26f4b6cf830fbbf5e9ff.php 第 92 行.
NOTIC: [8] Undefined variable: name D:\WEB\littlepawn\Application\Runtime\Cache\Home\88736c694c3e26f4b6cf830fbbf5e9ff.php 第 116 行.
NOTIC: [8] Undefined variable: phone D:\WEB\littlepawn\Application\Runtime\Cache\Home\88736c694c3e26f4b6cf830fbbf5e9ff.php 第 121 行.
INFO: Run Behavior\ParseTemplateBehavior [ RunTime:0.008000s ]
INFO: [ view_parse ] --END-- [ RunTime:0.008000s ]
INFO: [ view_filter ] --START--
INFO: Run Behavior\WriteHtmlCacheBehavior [ RunTime:0.000000s ]
INFO: [ view_filter ] --END-- [ RunTime:0.000000s ]
INFO: [ view_parse ] --START--
INFO: [ template_filter ] --START--
INFO: Run Behavior\ContentReplaceBehavior [ RunTime:0.000000s ]
INFO: [ template_filter ] --END-- [ RunTime:-0.003000s ]
NOTIC: [8] Undefined variable: title D:\WEB\littlepawn\Application\Runtime\Cache\Home\88736c694c3e26f4b6cf830fbbf5e9ff.php 第 71 行.
NOTIC: [8] Undefined variable: rent D:\WEB\littlepawn\Application\Runtime\Cache\Home\88736c694c3e26f4b6cf830fbbf5e9ff.php 第 80 行.
NOTIC: [8] Undefined variable: bedroom D:\WEB\littlepawn\Application\Runtime\Cache\Home\88736c694c3e26f4b6cf830fbbf5e9ff.php 第 85 行.
NOTIC: [8] Undefined variable: livingroom D:\WEB\littlepawn\Application\Runtime\Cache\Home\88736c694c3e26f4b6cf830fbbf5e9ff.php 第 85 行.
NOTIC: [8] Undefined variable: toilet D:\WEB\littlepawn\Application\Runtime\Cache\Home\88736c694c3e26f4b6cf830fbbf5e9ff.php 第 85 行.
NOTIC: [8] Undefined variable: area D:\WEB\littlepawn\Application\Runtime\Cache\Home\88736c694c3e26f4b6cf830fbbf5e9ff.php 第 86 行.
NOTIC: [8] Undefined variable: floor D:\WEB\littlepawn\Application\Runtime\Cache\Home\88736c694c3e26f4b6cf830fbbf5e9ff.php 第 91 行.
NOTIC: [8] Undefined variable: countfloor D:\WEB\littlepawn\Application\Runtime\Cache\Home\88736c694c3e26f4b6cf830fbbf5e9ff.php 第 92 行.
NOTIC: [8] Undefined variable: name D:\WEB\littlepawn\Application\Runtime\Cache\Home\88736c694c3e26f4b6cf830fbbf5e9ff.php 第 116 行.
NOTIC: [8] Undefined variable: phone D:\WEB\littlepawn\Application\Runtime\Cache\Home\88736c694c3e26f4b6cf830fbbf5e9ff.php 第 121 行.
INFO: Run Behavior\ParseTemplateBehavior [ RunTime:0.003001s ]
INFO: [ view_parse ] --END-- [ RunTime:0.000000s ]
INFO: [ view_filter ] --START--
INFO: Run Behavior\WriteHtmlCacheBehavior [ RunTime:0.000000s ]
INFO: [ view_filter ] --END-- [ RunTime:-0.003001s ]
NOTIC: [2] Cannot modify header information - headers already sent by (output started at D:\WEB\littlepawn\ThinkPHP\Library\Think\View.class.php:95) D:\WEB\littlepawn\ThinkPHP\Library\Think\View.class.php 第 91 行.
NOTIC: [2] Cannot modify header information - headers already sent by (output started at D:\WEB\littlepawn\ThinkPHP\Library\Think\View.class.php:95) D:\WEB\littlepawn\ThinkPHP\Library\Think\View.class.php 第 92 行.
NOTIC: [2] Cannot modify header information - headers already sent by (output started at D:\WEB\littlepawn\ThinkPHP\Library\Think\View.class.php:95) D:\WEB\littlepawn\ThinkPHP\Library\Think\View.class.php 第 93 行.
INFO: [ app_end ] --START--
INFO: Run Behavior\ShowPageTraceBehavior [ RunTime:0.000000s ]
INFO: [ app_end ] --END-- [ RunTime:0.000000s ]

[ 2015-06-01T19:05:12+08:00 ] 127.0.0.1 /index.php/Home/Index/rentinfobefore
INFO: [ app_init ] --START--
INFO: Run Behavior\BuildLiteBehavior [ RunTime:0.000000s ]
INFO: [ app_init ] --END-- [ RunTime:0.001000s ]

[ 2015-06-01T19:09:18+08:00 ] 127.0.0.1 /index.php/
INFO: [ app_init ] --START--
INFO: Run Behavior\BuildLiteBehavior [ RunTime:0.000000s ]
INFO: [ app_init ] --END-- [ RunTime:0.001000s ]

[ 2015-06-01T19:09:20+08:00 ] 127.0.0.1 /index.php/Home/Index/rentinfobefore
INFO: [ app_init ] --START--
INFO: Run Behavior\BuildLiteBehavior [ RunTime:0.000000s ]
INFO: [ app_init ] --END-- [ RunTime:0.000000s ]
INFO: [ app_begin ] --START--
INFO: Run Behavior\ReadHtmlCacheBehavior [ RunTime:0.000000s ]
INFO: [ app_begin ] --END-- [ RunTime:0.000000s ]
SQL: SHOW COLUMNS FROM `think_house` [ RunTime:0.0050s ]
SQL: SELECT * FROM `think_house` WHERE ( id='1' )  [ RunTime:0.0000s ]
INFO: [ view_parse ] --START--
INFO: [ template_filter ] --START--
INFO: Run Behavior\ContentReplaceBehavior [ RunTime:0.000000s ]
INFO: [ template_filter ] --END-- [ RunTime:0.000000s ]
NOTIC: [8] Undefined variable: area D:\WEB\littlepawn\Application\Runtime\Cache\Home\88736c694c3e26f4b6cf830fbbf5e9ff.php 第 86 行.
NOTIC: [8] Undefined variable: floor D:\WEB\littlepawn\Application\Runtime\Cache\Home\88736c694c3e26f4b6cf830fbbf5e9ff.php 第 91 行.
NOTIC: [8] Undefined variable: countfloor D:\WEB\littlepawn\Application\Runtime\Cache\Home\88736c694c3e26f4b6cf830fbbf5e9ff.php 第 92 行.
INFO: Run Behavior\ParseTemplateBehavior [ RunTime:0.007001s ]
INFO: [ view_parse ] --END-- [ RunTime:0.008001s ]
INFO: [ view_filter ] --START--
INFO: Run Behavior\WriteHtmlCacheBehavior [ RunTime:0.000000s ]
INFO: [ view_filter ] --END-- [ RunTime:0.000000s ]
INFO: [ app_end ] --START--
INFO: Run Behavior\ShowPageTraceBehavior [ RunTime:0.000000s ]
INFO: [ app_end ] --END-- [ RunTime:0.001000s ]

[ 2015-06-01T19:09:20+08:00 ] 127.0.0.1 /index.php/Home/Index/rentinfobefore
INFO: [ app_init ] --START--
INFO: Run Behavior\BuildLiteBehavior [ RunTime:0.000000s ]
INFO: [ app_init ] --END-- [ RunTime:0.001001s ]

[ 2015-06-01T19:22:55+08:00 ] 127.0.0.1 /index.php/
INFO: [ app_init ] --START--
INFO: Run Behavior\BuildLiteBehavior [ RunTime:0.000000s ]
INFO: [ app_init ] --END-- [ RunTime:0.001000s ]

[ 2015-06-01T19:22:58+08:00 ] 127.0.0.1 /index.php/Home/Index/torentinfo/id/1
INFO: [ app_init ] --START--
INFO: Run Behavior\BuildLiteBehavior [ RunTime:0.000000s ]
INFO: [ app_init ] --END-- [ RunTime:0.000000s ]

[ 2015-06-01T19:28:53+08:00 ] 127.0.0.1 /index.php/Home/Index/torentinfo/id/1
INFO: [ app_init ] --START--
INFO: Run Behavior\BuildLiteBehavior [ RunTime:0.000000s ]
INFO: [ app_init ] --END-- [ RunTime:0.000000s ]

[ 2015-06-01T19:30:12+08:00 ] 127.0.0.1 /index.php/Home/Index/login
INFO: [ app_init ] --START--
INFO: Run Behavior\BuildLiteBehavior [ RunTime:0.000000s ]
INFO: [ app_init ] --END-- [ RunTime:0.001000s ]

[ 2015-06-01T19:32:08+08:00 ] 127.0.0.1 /index.php/Home/Index/torentinfo/id/1
INFO: [ app_init ] --START--
INFO: Run Behavior\BuildLiteBehavior [ RunTime:0.001001s ]
INFO: [ app_init ] --END-- [ RunTime:0.001001s ]

[ 2015-06-01T19:32:13+08:00 ] 127.0.0.1 /index.php/Home/Index/login
INFO: [ app_init ] --START--
INFO: Run Behavior\BuildLiteBehavior [ RunTime:0.000000s ]
INFO: [ app_init ] --END-- [ RunTime:0.001000s ]

[ 2015-06-01T19:34:05+08:00 ] 127.0.0.1 /index.php/Home/Index/login
INFO: [ app_init ] --START--
INFO: Run Behavior\BuildLiteBehavior [ RunTime:0.000000s ]
INFO: [ app_init ] --END-- [ RunTime:0.001000s ]

[ 2015-06-01T19:38:16+08:00 ] 127.0.0.1 /index.php/Home/Index/login
INFO: [ app_init ] --START--
INFO: Run Behavior\BuildLiteBehavior [ RunTime:0.000000s ]
INFO: [ app_init ] --END-- [ RunTime:0.001000s ]

[ 2015-06-01T19:38:19+08:00 ] 127.0.0.1 /index.php/Home/Index/findpwd
INFO: [ app_init ] --START--
INFO: Run Behavior\BuildLiteBehavior [ RunTime:0.000000s ]
INFO: [ app_init ] --END-- [ RunTime:0.001000s ]
ERR: 非法操作:findpwd

[ 2015-06-01T19:38:50+08:00 ] 127.0.0.1 /index.php/Home/Index/findpwd
INFO: [ app_init ] --START--
INFO: Run Behavior\BuildLiteBehavior [ RunTime:0.000000s ]
INFO: [ app_init ] --END-- [ RunTime:0.000000s ]
ERR: 非法操作:findpwd

[ 2015-06-01T19:38:56+08:00 ] 127.0.0.1 /index.php/
INFO: [ app_init ] --START--
INFO: Run Behavior\BuildLiteBehavior [ RunTime:0.000000s ]
INFO: [ app_init ] --END-- [ RunTime:0.000000s ]

[ 2015-06-01T19:38:58+08:00 ] 127.0.0.1 /index.php/Home/Index/login
INFO: [ app_init ] --START--
INFO: Run Behavior\BuildLiteBehavior [ RunTime:0.000000s ]
INFO: [ app_init ] --END-- [ RunTime:0.000000s ]

[ 2015-06-01T19:38:59+08:00 ] 127.0.0.1 /index.php/Home/Index/findpwd1
INFO: [ app_init ] --START--
INFO: Run Behavior\BuildLiteBehavior [ RunTime:0.000000s ]
INFO: [ app_init ] --END-- [ RunTime:0.001000s ]

[ 2015-06-01T19:40:29+08:00 ] 127.0.0.1 /index.php/Home/Index/findpwd1
INFO: [ app_init ] --START--
INFO: Run Behavior\BuildLiteBehavior [ RunTime:0.000000s ]
INFO: [ app_init ] --END-- [ RunTime:0.001000s ]

[ 2015-06-01T19:40:32+08:00 ] 127.0.0.1 /index.php/Home/Index/login
INFO: [ app_init ] --START--
INFO: Run Behavior\BuildLiteBehavior [ RunTime:0.000000s ]
INFO: [ app_init ] --END-- [ RunTime:0.000000s ]

[ 2015-06-01T19:40:34+08:00 ] 127.0.0.1 /index.php/Home/Index/findpwd1
INFO: [ app_init ] --START--
INFO: Run Behavior\BuildLiteBehavior [ RunTime:0.000000s ]
INFO: [ app_init ] --END-- [ RunTime:0.001000s ]

[ 2015-06-01T19:40:36+08:00 ] 127.0.0.1 /index.php/Home/Index/index
INFO: [ app_init ] --START--
INFO: Run Behavior\BuildLiteBehavior [ RunTime:0.000000s ]
INFO: [ app_init ] --END-- [ RunTime:0.001000s ]

